source/TopJobs/app/build/outputs/logs/manifest-merger-debug-report.txt
-- Merging decision tree log ---
manifest
ADDED from src\main\AndroidManifest.xml:2:1-62:12
INJECTED from src\main\AndroidManifest.xml:2:1-62:12
INJECTED from src\main\AndroidManifest.xml:2:1-62:12
INJECTED from src\main\AndroidManifest.xml:2:1-62:12
MERGED from [:actionbarsherlock] AndroidManifest.xml:2:1-11:12
INJECTED from src\main\AndroidManifest.xml:2:1-62:12
INJECTED from src\main\AndroidManifest.xml:2:1-62:12
INJECTED from src\main\AndroidManifest.xml:2:1-62:12
	package
		ADDED from src\main\AndroidManifest.xml:3:5-33
		INJECTED from src\main\AndroidManifest.xml
		INJECTED from src\main\AndroidManifest.xml
	android:versionName
		ADDED from src\main\AndroidManifest.xml:5:5-32
		INJECTED from src\main\AndroidManifest.xml
		INJECTED from src\main\AndroidManifest.xml
	xmlns:android
		ADDED from src\main\AndroidManifest.xml:2:11-69
	android:versionCode
		ADDED from src\main\AndroidManifest.xml:4:5-28
		INJECTED from src\main\AndroidManifest.xml
		INJECTED from src\main\AndroidManifest.xml
uses-sdk
ADDED from src\main\AndroidManifest.xml:7:5-9:41
INJECTED from src\main\AndroidManifest.xml:7:5-9:41
INJECTED from src\main\AndroidManifest.xml:7:5-9:41
MERGED from [:actionbarsherlock] AndroidManifest.xml:7:5-9:41
MERGED from [:actionbarsherlock] AndroidManifest.xml:7:5-9:41
INJECTED from src\main\AndroidManifest.xml:7:5-9:41
INJECTED from src\main\AndroidManifest.xml:7:5-9:41
	android:targetSdkVersion
		ADDED from src\main\AndroidManifest.xml:9:9-38
		INJECTED from src\main\AndroidManifest.xml
		INJECTED from src\main\AndroidManifest.xml
	android:minSdkVersion
		ADDED from src\main\AndroidManifest.xml:8:9-34
		INJECTED from src\main\AndroidManifest.xml
		INJECTED from src\main\AndroidManifest.xml
uses-permission#android.permission.INTERNET
ADDED from src\main\AndroidManifest.xml:11:5-67
	android:name
		ADDED from src\main\AndroidManifest.xml:11:22-64
uses-permission#android.permission.ACCESS_NETWORK_STATE
ADDED from src\main\AndroidManifest.xml:12:5-79
	android:name
		ADDED from src\main\AndroidManifest.xml:12:22-76
uses-permission#android.permission.READ_EXTERNAL_STORAGE
ADDED from src\main\AndroidManifest.xml:13:5-80
	android:name
		ADDED from src\main\AndroidManifest.xml:13:22-77
application
ADDED from src\main\AndroidManifest.xml:15:5-60:19
	android:label
		ADDED from src\main\AndroidManifest.xml:19:9-41
	android:icon
		ADDED from src\main\AndroidManifest.xml:18:9-45
	android:allowBackup
		ADDED from src\main\AndroidManifest.xml:17:9-35
	android:theme
		ADDED from src\main\AndroidManifest.xml:20:9-40
	android:name
		ADDED from src\main\AndroidManifest.xml:16:9-39
activity#lk.topjobs.android.activities.SplashActivity
ADDED from src\main\AndroidManifest.xml:21:9-30:20
	android:configChanges
		ADDED from src\main\AndroidManifest.xml:23:13-59
	android:theme
		ADDED from src\main\AndroidManifest.xml:24:13-77
	android:name
		ADDED from src\main\AndroidManifest.xml:22:13-72
intent-filter#action:name:android.intent.action.MAIN+category:name:android.intent.category.LAUNCHER
ADDED from src\main\AndroidManifest.xml:25:13-29:29
action#android.intent.action.MAIN
ADDED from src\main\AndroidManifest.xml:26:17-69
	android:name
		ADDED from src\main\AndroidManifest.xml:26:25-66
category#android.intent.category.LAUNCHER
ADDED from src\main\AndroidManifest.xml:28:17-77
	android:name
		ADDED from src\main\AndroidManifest.xml:28:27-74
activity#lk.topjobs.android.activities.JobCategoryListActivity
ADDED from src\main\AndroidManifest.xml:31:9-35:20
	android:label
		ADDED from src\main\AndroidManifest.xml:34:13-51
	android:configChanges
		ADDED from src\main\AndroidManifest.xml:33:13-59
	android:name
		ADDED from src\main\AndroidManifest.xml:32:13-81
activity#lk.topjobs.android.activities.JobListActivity
ADDED from src\main\AndroidManifest.xml:36:9-39:20
	android:configChanges
		ADDED from src\main\AndroidManifest.xml:38:13-59
	android:name
		ADDED from src\main\AndroidManifest.xml:37:13-73
activity#lk.topjobs.android.activities.JobDetailsActivity
ADDED from src\main\AndroidManifest.xml:40:9-44:20
	android:label
		ADDED from src\main\AndroidManifest.xml:43:13-58
	android:configChanges
		ADDED from src\main\AndroidManifest.xml:42:13-59
	android:name
		ADDED from src\main\AndroidManifest.xml:41:13-76
activity#lk.topjobs.android.activities.FavoriteActivity
ADDED from src\main\AndroidManifest.xml:45:9-49:20
	android:label
		ADDED from src\main\AndroidManifest.xml:48:13-46
	android:configChanges
		ADDED from src\main\AndroidManifest.xml:47:13-59
	android:name
		ADDED from src\main\AndroidManifest.xml:46:13-74
activity#lk.topjobs.android.activities.AdvertViewerActivity
ADDED from src\main\AndroidManifest.xml:50:9-54:20
	android:label
		ADDED from src\main\AndroidManifest.xml:53:13-58
	android:configChanges
		ADDED from src\main\AndroidManifest.xml:52:13-59
	android:name
		ADDED from src\main\AndroidManifest.xml:51:13-78
activity#lk.topjobs.android.activities.AboutActivity
ADDED from src\main\AndroidManifest.xml:55:9-59:20
	android:label
		ADDED from src\main\AndroidManifest.xml:58:13-42
	android:configChanges
		ADDED from src\main\AndroidManifest.xml:57:13-59
	android:name
		ADDED from src\main\AndroidManifest.xml:56:13-71